2016-04-18 09:55:30,[InitServlet:ROOT_PATH]E:\workspace_mars\nStraf_svn\nStraf\
 2016-04-18 09:55:31,[InitServlet]initAppContext OK
 2016-04-18 09:55:33,2016-04-18 09:55:33: BusnDataDir 加载数据字典成功
 2016-04-18 09:55:33,Start TMM Server OK!
 2016-04-18 09:55:47,2016-04-18 09:55:47: User:admin doing login in
 2016-04-18 09:56:25,Mon Apr 18 09:56:25 CST 2016项目信息开始同步
 2016-04-18 09:56:30,Mon Apr 18 09:56:30 CST 2016项目信息同步结束
 2016-04-18 10:00:00,2016-04-18 10:00:00: BusnDataDir 加载数据字典成功
 2016-04-18 10:05:00,2016-04-18 10:05:00: BusnDataDir 加载数据字典成功
 2016-04-18 10:10:00,2016-04-18 10:10:00: BusnDataDir 加载数据字典成功
 2016-04-18 10:15:00,2016-04-18 10:15:00: BusnDataDir 加载数据字典成功
 2016-04-18 10:16:21,2016-04-18 10:16:21: User:qqhai doing login in
 2016-04-18 10:20:00,2016-04-18 10:20:00: BusnDataDir 加载数据字典成功
 2016-04-18 10:25:00,2016-04-18 10:25:00: BusnDataDir 加载数据字典成功
 2016-04-18 10:30:00,2016-04-18 10:30:00: BusnDataDir 加载数据字典成功
 2016-04-18 10:42:57,[InitServlet:ROOT_PATH]E:\workspace_mars\nStraf_svn\nStraf\
 2016-04-18 10:42:59,[InitServlet]initAppContext OK
 2016-04-18 10:43:00,2016-04-18 10:43:00: BusnDataDir 加载数据字典成功
 2016-04-18 10:43:00,Start TMM Server OK!
 2016-04-18 10:44:59,[InitServlet:ROOT_PATH]E:\workspace_mars\nStraf_svn\nStraf\
 2016-04-18 10:45:01,[InitServlet]initAppContext OK
 2016-04-18 10:45:03,2016-04-18 10:45:03: BusnDataDir 加载数据字典成功
 2016-04-18 10:45:03,Start TMM Server OK!
 2016-04-18 10:45:03,2016-04-18 10:45:03: BusnDataDir 加载数据字典成功
 2016-04-18 10:45:44,2016-04-18 10:45:44: User:admin doing login in
 2016-04-18 10:46:52,2016-04-18 10:46:52: User:qqhai doing login in
 2016-04-18 10:49:32,[InitServlet:ROOT_PATH]E:\workspace_mars\nStraf_svn\nStraf\
 2016-04-18 10:49:34,[InitServlet]initAppContext OK
 2016-04-18 10:49:35,2016-04-18 10:49:35: BusnDataDir 加载数据字典成功
 2016-04-18 10:49:35,Start TMM Server OK!
 2016-04-18 10:49:47,2016-04-18 10:49:47: User:admin doing login in
 2016-04-18 10:50:00,2016-04-18 10:50:00: BusnDataDir 加载数据字典成功
 2016-04-18 10:51:03,2016-04-18 10:51:03: User:qqhai doing login in
 2016-04-18 10:51:49,2016-04-18 10:51:49: User:admin doing login in
 2016-04-18 10:51:55,2016-04-18 10:51:55: User:qqhai doing login in
 2016-04-18 10:52:03,2016-04-18 10:52:03: User:admin doing login in
 2016-04-18 10:55:00,2016-04-18 10:55:00: BusnDataDir 加载数据字典成功
 2016-04-18 11:00:00,2016-04-18 11:00:00: BusnDataDir 加载数据字典成功
 2016-04-18 11:05:00,2016-04-18 11:05:00: BusnDataDir 加载数据字典成功
 2016-04-18 11:10:00,2016-04-18 11:10:00: BusnDataDir 加载数据字典成功
 2016-04-18 11:15:00,2016-04-18 11:15:00: BusnDataDir 加载数据字典成功
 2016-04-18 11:20:00,2016-04-18 11:20:00: BusnDataDir 加载数据字典成功
 2016-04-18 11:25:00,2016-04-18 11:25:00: BusnDataDir 加载数据字典成功
 2016-04-18 11:30:00,2016-04-18 11:30:00: BusnDataDir 加载数据字典成功
 2016-04-18 11:35:00,2016-04-18 11:35:00: BusnDataDir 加载数据字典成功
 2016-04-18 13:22:36,[InitServlet:ROOT_PATH]E:\workspace_mars\nStraf_svn\nStraf\
 2016-04-18 13:22:38,[InitServlet]initAppContext OK
 2016-04-18 13:22:39,2016-04-18 13:22:39: BusnDataDir 加载数据字典成功
 2016-04-18 13:22:39,Start TMM Server OK!
 2016-04-18 13:22:56,2016-04-18 13:22:56: User:admin doing login in
 2016-04-18 13:25:00,2016-04-18 13:25:00: BusnDataDir 加载数据字典成功
 2016-04-18 13:30:00,2016-04-18 13:30:00: BusnDataDir 加载数据字典成功
 2016-04-18 13:35:00,2016-04-18 13:35:00: BusnDataDir 加载数据字典成功
 2016-04-18 13:40:00,2016-04-18 13:40:00: BusnDataDir 加载数据字典成功
 