2016-04-14 09:25:44,[InitServlet:ROOT_PATH]E:\workspace_mars\nStraf_svn\nStraf\
 2016-04-14 09:25:47,[InitServlet]initAppContext OK
 2016-04-14 09:25:49,2016-04-14 09:25:49: BusnDataDir 加载数据字典成功
 2016-04-14 09:25:49,Start TMM Server OK!
 2016-04-14 09:26:03,2016-04-14 09:26:03: User:admin doing login in
 2016-04-14 09:30:00,2016-04-14 09:30:00: BusnDataDir 加载数据字典成功
 2016-04-14 09:35:00,2016-04-14 09:35:00: BusnDataDir 加载数据字典成功
 2016-04-14 10:51:53,[InitServlet:ROOT_PATH]E:\workspace_mars\nStraf_svn\nStraf\
 2016-04-14 10:51:55,[InitServlet]initAppContext OK
 2016-04-14 10:51:56,2016-04-14 10:51:56: BusnDataDir 加载数据字典成功
 2016-04-14 10:51:56,Start TMM Server OK!
 2016-04-14 10:52:13,2016-04-14 10:52:13: User:admin doing login in
 2016-04-14 10:55:00,2016-04-14 10:55:00: BusnDataDir 加载数据字典成功
 2016-04-14 11:00:00,2016-04-14 11:00:00: BusnDataDir 加载数据字典成功
 2016-04-14 11:05:00,2016-04-14 11:05:00: BusnDataDir 加载数据字典成功
 2016-04-14 11:06:25,[InitServlet:ROOT_PATH]E:\workspace_mars\nStraf_svn\nStraf\
 2016-04-14 11:06:27,[InitServlet]initAppContext OK
 2016-04-14 11:06:29,2016-04-14 11:06:29: BusnDataDir 加载数据字典成功
 2016-04-14 11:06:29,Start TMM Server OK!
 2016-04-14 11:06:40,2016-04-14 11:06:40: User:admin doing login in
 2016-04-14 11:10:00,2016-04-14 11:10:00: BusnDataDir 加载数据字典成功
 2016-04-14 11:15:00,2016-04-14 11:15:00: BusnDataDir 加载数据字典成功
 2016-04-14 11:20:00,2016-04-14 11:20:00: BusnDataDir 加载数据字典成功
 2016-04-14 11:25:00,2016-04-14 11:25:00: BusnDataDir 加载数据字典成功
 2016-04-14 11:30:00,2016-04-14 11:30:00: BusnDataDir 加载数据字典成功
 2016-04-14 11:35:00,2016-04-14 11:35:00: BusnDataDir 加载数据字典成功
 2016-04-14 11:40:00,2016-04-14 11:40:00: BusnDataDir 加载数据字典成功
 2016-04-14 11:45:00,2016-04-14 11:45:00: BusnDataDir 加载数据字典成功
 2016-04-14 11:50:00,2016-04-14 11:50:00: BusnDataDir 加载数据字典成功
 2016-04-14 11:55:00,2016-04-14 11:55:00: BusnDataDir 加载数据字典成功
 2016-04-14 12:00:00,2016-04-14 12:00:00: BusnDataDir 加载数据字典成功
 2016-04-14 12:05:00,2016-04-14 12:05:00: BusnDataDir 加载数据字典成功
 2016-04-14 12:10:00,2016-04-14 12:10:00: BusnDataDir 加载数据字典成功
 2016-04-14 12:15:00,2016-04-14 12:15:00: BusnDataDir 加载数据字典成功
 2016-04-14 12:20:00,2016-04-14 12:20:00: BusnDataDir 加载数据字典成功
 2016-04-14 12:25:00,2016-04-14 12:25:00: BusnDataDir 加载数据字典成功
 2016-04-14 12:30:00,2016-04-14 12:30:00: BusnDataDir 加载数据字典成功
 2016-04-14 12:35:00,2016-04-14 12:35:00: BusnDataDir 加载数据字典成功
 2016-04-14 12:40:00,2016-04-14 12:40:00: BusnDataDir 加载数据字典成功
 2016-04-14 12:45:00,2016-04-14 12:45:00: BusnDataDir 加载数据字典成功
 2016-04-14 12:50:00,2016-04-14 12:50:00: BusnDataDir 加载数据字典成功
 2016-04-14 12:55:00,2016-04-14 12:55:00: BusnDataDir 加载数据字典成功
 2016-04-14 13:00:00,2016-04-14 13:00:00: BusnDataDir 加载数据字典成功
 2016-04-14 13:05:00,2016-04-14 13:05:00: BusnDataDir 加载数据字典成功
 2016-04-14 13:10:00,2016-04-14 13:10:00: BusnDataDir 加载数据字典成功
 2016-04-14 13:15:00,2016-04-14 13:15:00: BusnDataDir 加载数据字典成功
 2016-04-14 13:20:00,2016-04-14 13:20:00: BusnDataDir 加载数据字典成功
 2016-04-14 13:25:00,2016-04-14 13:25:00: BusnDataDir 加载数据字典成功
 2016-04-14 13:30:00,2016-04-14 13:30:00: BusnDataDir 加载数据字典成功
 2016-04-14 13:35:00,2016-04-14 13:35:00: BusnDataDir 加载数据字典成功
 2016-04-14 13:35:49,2016-04-14 13:35:49: User:admin doing login in
 2016-04-14 13:40:00,2016-04-14 13:40:00: BusnDataDir 加载数据字典成功
 2016-04-14 13:45:00,2016-04-14 13:45:00: BusnDataDir 加载数据字典成功
 2016-04-14 13:50:00,2016-04-14 13:50:00: BusnDataDir 加载数据字典成功
 2016-04-14 13:55:00,2016-04-14 13:55:00: BusnDataDir 加载数据字典成功
 2016-04-14 14:00:00,2016-04-14 14:00:00: BusnDataDir 加载数据字典成功
 2016-04-14 14:05:00,2016-04-14 14:05:00: BusnDataDir 加载数据字典成功
 2016-04-14 14:10:00,2016-04-14 14:10:00: BusnDataDir 加载数据字典成功
 2016-04-14 14:15:00,2016-04-14 14:15:00: BusnDataDir 加载数据字典成功
 2016-04-14 14:20:00,2016-04-14 14:20:00: BusnDataDir 加载数据字典成功
 2016-04-14 14:25:00,2016-04-14 14:25:00: BusnDataDir 加载数据字典成功
 2016-04-14 14:30:00,2016-04-14 14:30:00: BusnDataDir 加载数据字典成功
 2016-04-14 14:35:00,2016-04-14 14:35:00: BusnDataDir 加载数据字典成功
 2016-04-14 14:40:00,2016-04-14 14:40:00: BusnDataDir 加载数据字典成功
 2016-04-14 14:45:00,2016-04-14 14:45:00: BusnDataDir 加载数据字典成功
 2016-04-14 14:50:00,2016-04-14 14:50:00: BusnDataDir 加载数据字典成功
 2016-04-14 14:55:00,2016-04-14 14:55:00: BusnDataDir 加载数据字典成功
 2016-04-14 15:00:00,2016-04-14 15:00:00: BusnDataDir 加载数据字典成功
 2016-04-14 17:01:59,[InitServlet:ROOT_PATH]E:\workspace_mars\nStraf_svn\nStraf\
 2016-04-14 17:02:01,[InitServlet]initAppContext OK
 2016-04-14 17:02:03,2016-04-14 17:02:03: BusnDataDir 加载数据字典成功
 2016-04-14 17:02:03,Start TMM Server OK!
 2016-04-14 17:02:36,2016-04-14 17:02:36: User:admin doing login in
 2016-04-14 17:05:00,2016-04-14 17:05:00: BusnDataDir 加载数据字典成功
 2016-04-14 17:10:00,2016-04-14 17:10:00: BusnDataDir 加载数据字典成功
 