2016-04-13 11:52:02,[InitServlet:ROOT_PATH]E:\workspace_mars\nStraf_svn\nStraf\
 2016-04-13 11:52:05,[InitServlet]initAppContext OK
 2016-04-13 11:52:07,2016-04-13 11:52:07: BusnDataDir 加载数据字典成功
 2016-04-13 11:52:07,Start TMM Server OK!
 2016-04-13 11:52:57,2016-04-13 11:52:57: User:admin doing login in
 2016-04-13 11:55:00,2016-04-13 11:55:00: BusnDataDir 加载数据字典成功
 2016-04-13 12:00:00,2016-04-13 12:00:00: BusnDataDir 加载数据字典成功
 2016-04-13 12:05:00,2016-04-13 12:05:00: BusnDataDir 加载数据字典成功
 2016-04-13 12:10:04,2016-04-13 12:10:04: BusnDataDir 加载数据字典成功
 2016-04-13 12:15:00,2016-04-13 12:15:00: BusnDataDir 加载数据字典成功
 2016-04-13 12:20:00,2016-04-13 12:20:00: BusnDataDir 加载数据字典成功
 2016-04-13 12:25:00,2016-04-13 12:25:00: BusnDataDir 加载数据字典成功
 2016-04-13 12:30:01,2016-04-13 12:30:01: BusnDataDir 加载数据字典成功
 2016-04-13 12:35:00,2016-04-13 12:35:00: BusnDataDir 加载数据字典成功
 2016-04-13 12:40:00,2016-04-13 12:40:00: BusnDataDir 加载数据字典成功
 2016-04-13 12:45:00,2016-04-13 12:45:00: BusnDataDir 加载数据字典成功
 2016-04-13 12:50:00,2016-04-13 12:50:00: BusnDataDir 加载数据字典成功
 2016-04-13 12:55:00,2016-04-13 12:55:00: BusnDataDir 加载数据字典成功
 2016-04-13 13:00:00,2016-04-13 13:00:00: BusnDataDir 加载数据字典成功
 2016-04-13 13:05:00,2016-04-13 13:05:00: BusnDataDir 加载数据字典成功
 2016-04-13 13:10:01,2016-04-13 13:10:01: BusnDataDir 加载数据字典成功
 2016-04-13 13:15:00,2016-04-13 13:15:00: BusnDataDir 加载数据字典成功
 2016-04-13 13:52:19,[InitServlet:ROOT_PATH]E:\workspace_mars\nStraf_svn\nStraf\
 2016-04-13 13:52:21,[InitServlet]initAppContext OK
 2016-04-13 13:52:22,2016-04-13 13:52:22: BusnDataDir 加载数据字典成功
 2016-04-13 13:52:22,Start TMM Server OK!
 2016-04-13 13:52:46,2016-04-13 13:52:46: User:admin doing login in
 2016-04-13 13:55:00,2016-04-13 13:55:00: BusnDataDir 加载数据字典成功
 2016-04-13 14:00:00,2016-04-13 14:00:00: BusnDataDir 加载数据字典成功
 2016-04-13 14:05:00,2016-04-13 14:05:00: BusnDataDir 加载数据字典成功
 2016-04-13 14:07:02,[InitServlet:ROOT_PATH]E:\workspace_mars\nStraf_svn\nStraf\
 2016-04-13 14:07:04,[InitServlet]initAppContext OK
 2016-04-13 14:07:05,2016-04-13 14:07:05: BusnDataDir 加载数据字典成功
 2016-04-13 14:07:05,Start TMM Server OK!
 2016-04-13 14:07:16,2016-04-13 14:07:16: User:admin doing login in
 2016-04-13 14:09:43,[InitServlet:ROOT_PATH]E:\workspace_mars\nStraf_svn\nStraf\
 2016-04-13 14:09:45,[InitServlet]initAppContext OK
 2016-04-13 14:09:47,2016-04-13 14:09:47: BusnDataDir 加载数据字典成功
 2016-04-13 14:09:47,Start TMM Server OK!
 2016-04-13 14:09:55,2016-04-13 14:09:55: User:admin doing login in
 2016-04-13 14:10:00,2016-04-13 14:10:00: BusnDataDir 加载数据字典成功
 2016-04-13 14:15:00,2016-04-13 14:15:00: BusnDataDir 加载数据字典成功
 2016-04-13 14:20:00,2016-04-13 14:20:00: BusnDataDir 加载数据字典成功
 2016-04-13 14:23:31,[InitServlet:ROOT_PATH]E:\workspace_mars\nStraf_svn\nStraf\
 2016-04-13 14:23:51,[InitServlet:ROOT_PATH]E:\workspace_mars\nStraf_svn\nStraf\
 2016-04-13 14:23:53,[InitServlet]initAppContext OK
 2016-04-13 14:23:54,2016-04-13 14:23:54: BusnDataDir 加载数据字典成功
 2016-04-13 14:23:54,Start TMM Server OK!
 2016-04-13 14:24:08,2016-04-13 14:24:08: User:admin doing login in
 2016-04-13 14:25:00,2016-04-13 14:25:00: BusnDataDir 加载数据字典成功
 2016-04-13 14:34:20,[InitServlet:ROOT_PATH]E:\workspace_mars\nStraf_svn\nStraf\
 2016-04-13 14:34:21,[InitServlet]initAppContext OK
 2016-04-13 14:34:23,2016-04-13 14:34:23: BusnDataDir 加载数据字典成功
 2016-04-13 14:34:23,Start TMM Server OK!
 2016-04-13 14:34:30,2016-04-13 14:34:30: User:admin doing login in
 2016-04-13 14:35:00,2016-04-13 14:35:00: BusnDataDir 加载数据字典成功
 2016-04-13 14:37:03,[InitServlet:ROOT_PATH]E:\workspace_mars\nStraf_svn\nStraf\
 2016-04-13 14:37:05,[InitServlet]initAppContext OK
 2016-04-13 14:37:06,2016-04-13 14:37:06: BusnDataDir 加载数据字典成功
 2016-04-13 14:37:06,Start TMM Server OK!
 2016-04-13 14:40:33,[InitServlet:ROOT_PATH]E:\workspace_mars\nStraf_svn\nStraf\
 2016-04-13 14:40:35,[InitServlet]initAppContext OK
 2016-04-13 14:40:36,2016-04-13 14:40:36: BusnDataDir 加载数据字典成功
 2016-04-13 14:40:36,Start TMM Server OK!
 2016-04-13 14:45:00,2016-04-13 14:45:00: BusnDataDir 加载数据字典成功
 2016-04-13 14:47:05,2016-04-13 14:47:05: User:admin doing login in
 2016-04-13 14:50:00,2016-04-13 14:50:00: BusnDataDir 加载数据字典成功
 2016-04-13 14:55:00,2016-04-13 14:55:00: BusnDataDir 加载数据字典成功
 2016-04-13 15:00:00,2016-04-13 15:00:00: BusnDataDir 加载数据字典成功
 2016-04-13 15:04:39,2016-04-13 15:04:39: User:admin doing login in
 2016-04-13 15:05:00,2016-04-13 15:05:00: BusnDataDir 加载数据字典成功
 2016-04-13 15:05:50,2016-04-13 15:05:50: User:admin doing login in
 2016-04-13 15:09:00,User:admin doing login out
 2016-04-13 15:10:00,2016-04-13 15:10:00: BusnDataDir 加载数据字典成功
 2016-04-13 15:15:00,2016-04-13 15:15:00: BusnDataDir 加载数据字典成功
 2016-04-13 15:22:06,[InitServlet:ROOT_PATH]E:\workspace_mars\nStraf_svn\nStraf\
 2016-04-13 15:22:08,[InitServlet]initAppContext OK
 2016-04-13 15:22:09,2016-04-13 15:22:09: BusnDataDir 加载数据字典成功
 2016-04-13 15:22:09,Start TMM Server OK!
 2016-04-13 15:22:22,2016-04-13 15:22:22: User:admin doing login in
 2016-04-13 15:25:00,2016-04-13 15:25:00: BusnDataDir 加载数据字典成功
 2016-04-13 15:30:00,2016-04-13 15:30:00: BusnDataDir 加载数据字典成功
 2016-04-13 15:35:00,2016-04-13 15:35:00: BusnDataDir 加载数据字典成功
 2016-04-13 15:39:26,[InitServlet:ROOT_PATH]E:\workspace_mars\nStraf_svn\nStraf\
 2016-04-13 15:39:28,[InitServlet]initAppContext OK
 2016-04-13 15:39:29,2016-04-13 15:39:29: BusnDataDir 加载数据字典成功
 2016-04-13 15:39:29,Start TMM Server OK!
 2016-04-13 15:40:00,2016-04-13 15:40:00: BusnDataDir 加载数据字典成功
 2016-04-13 15:41:12,[InitServlet:ROOT_PATH]E:\workspace_mars\nStraf_svn\nStraf\
 2016-04-13 15:41:14,[InitServlet]initAppContext OK
 2016-04-13 15:41:15,2016-04-13 15:41:15: BusnDataDir 加载数据字典成功
 2016-04-13 15:41:15,Start TMM Server OK!
 2016-04-13 15:41:24,2016-04-13 15:41:24: User:admin doing login in
 2016-04-13 15:44:06,[InitServlet:ROOT_PATH]E:\workspace_mars\nStraf_svn\nStraf\
 2016-04-13 15:44:07,[InitServlet]initAppContext OK
 2016-04-13 15:48:08,[InitServlet:ROOT_PATH]E:\workspace_mars\nStraf_svn\nStraf\
 2016-04-13 15:48:10,[InitServlet]initAppContext OK
 2016-04-13 15:48:11,2016-04-13 15:48:11: BusnDataDir 加载数据字典成功
 2016-04-13 15:48:11,Start TMM Server OK!
 2016-04-13 15:48:23,2016-04-13 15:48:23: User:admin doing login in
 2016-04-13 15:50:00,2016-04-13 15:50:00: BusnDataDir 加载数据字典成功
 2016-04-13 15:54:12,[InitServlet:ROOT_PATH]E:\workspace_mars\nStraf_svn\nStraf\
 2016-04-13 15:54:15,[InitServlet]initAppContext OK
 2016-04-13 15:54:16,2016-04-13 15:54:16: BusnDataDir 加载数据字典成功
 2016-04-13 15:54:16,Start TMM Server OK!
 2016-04-13 15:54:25,2016-04-13 15:54:25: User:admin doing login in
 2016-04-13 15:55:00,2016-04-13 15:55:00: BusnDataDir 加载数据字典成功
 2016-04-13 15:57:57,[InitServlet:ROOT_PATH]E:\workspace_mars\nStraf_svn\nStraf\
 2016-04-13 15:57:59,[InitServlet]initAppContext OK
 2016-04-13 15:58:01,2016-04-13 15:58:01: BusnDataDir 加载数据字典成功
 2016-04-13 15:58:01,Start TMM Server OK!
 2016-04-13 15:58:12,2016-04-13 15:58:12: User:admin doing login in
 2016-04-13 16:00:00,2016-04-13 16:00:00: BusnDataDir 加载数据字典成功
 