2016-04-06 08:39:20,[InitServlet:ROOT_PATH]E:\workspace_mars\nStraf_svn\nStraf\
 2016-04-06 08:39:22,[InitServlet]initAppContext OK
 2016-04-06 08:39:23,2016-04-06 08:39:23: BusnDataDir 加载数据字典成功
 2016-04-06 08:39:23,Start TMM Server OK!
 2016-04-06 08:39:33,2016-04-06 08:39:33: User:admin doing login in
 2016-04-06 08:40:00,2016-04-06 08:40:00: BusnDataDir 加载数据字典成功
 2016-04-06 10:39:34,[InitServlet:ROOT_PATH]E:\workspace_mars\nStraf_svn\nStraf\
 2016-04-06 10:39:36,[InitServlet]initAppContext OK
 2016-04-06 10:39:38,2016-04-06 10:39:38: BusnDataDir 加载数据字典成功
 2016-04-06 10:39:38,Start TMM Server OK!
 2016-04-06 10:40:01,2016-04-06 10:40:01: BusnDataDir 加载数据字典成功
 2016-04-06 10:41:05,[InitServlet:ROOT_PATH]E:\workspace_mars\nStraf_svn\nStraf\
 2016-04-06 10:41:06,[InitServlet]initAppContext OK
 2016-04-06 10:41:07,2016-04-06 10:41:07: BusnDataDir 加载数据字典成功
 2016-04-06 10:41:07,Start TMM Server OK!
 2016-04-06 10:41:21,2016-04-06 10:41:21: User:admin doing login in
 2016-04-06 10:42:42,[InitServlet:ROOT_PATH]E:\workspace_mars\nStraf_svn\nStraf\
 2016-04-06 10:42:43,[InitServlet]initAppContext OK
 2016-04-06 10:42:45,2016-04-06 10:42:45: BusnDataDir 加载数据字典成功
 2016-04-06 10:42:45,Start TMM Server OK!
 2016-04-06 10:42:51,2016-04-06 10:42:51: User:admin doing login in
 2016-04-06 10:45:00,2016-04-06 10:45:00: BusnDataDir 加载数据字典成功
 2016-04-06 10:48:44,[InitServlet:ROOT_PATH]E:\workspace_mars\nStraf_svn\nStraf\
 2016-04-06 10:48:45,[InitServlet]initAppContext OK
 2016-04-06 10:48:47,2016-04-06 10:48:47: BusnDataDir 加载数据字典成功
 2016-04-06 10:48:47,Start TMM Server OK!
 2016-04-06 10:48:55,2016-04-06 10:48:55: User:admin doing login in
 2016-04-06 10:50:00,2016-04-06 10:50:00: BusnDataDir 加载数据字典成功
 2016-04-06 10:55:00,2016-04-06 10:55:00: BusnDataDir 加载数据字典成功
 2016-04-06 11:00:00,2016-04-06 11:00:00: BusnDataDir 加载数据字典成功
 2016-04-06 11:05:00,2016-04-06 11:05:00: BusnDataDir 加载数据字典成功
 2016-04-06 11:10:00,2016-04-06 11:10:00: BusnDataDir 加载数据字典成功
 2016-04-06 11:15:00,2016-04-06 11:15:00: BusnDataDir 加载数据字典成功
 2016-04-06 11:20:00,2016-04-06 11:20:00: BusnDataDir 加载数据字典成功
 2016-04-06 11:25:00,2016-04-06 11:25:00: BusnDataDir 加载数据字典成功
 2016-04-06 11:30:00,2016-04-06 11:30:00: BusnDataDir 加载数据字典成功
 2016-04-06 15:57:39,[InitServlet:ROOT_PATH]E:\workspace_mars\nStraf_svn\nStraf\
 2016-04-06 15:57:41,[InitServlet]initAppContext OK
 2016-04-06 15:57:43,2016-04-06 15:57:43: BusnDataDir 加载数据字典成功
 2016-04-06 15:57:43,Start TMM Server OK!
 2016-04-06 16:00:01,2016-04-06 16:00:01: BusnDataDir 加载数据字典成功
 2016-04-06 16:24:18,[InitServlet:ROOT_PATH]E:\workspace_mars\nStraf_svn\nStraf\
 2016-04-06 16:24:20,[InitServlet]initAppContext OK
 2016-04-06 16:24:28,2016-04-06 16:24:28: BusnDataDir 加载数据字典成功
 2016-04-06 16:24:29,Start TMM Server OK!
 2016-04-06 16:24:51,2016-04-06 16:24:51: User:admin doing login in
 2016-04-06 16:25:01,2016-04-06 16:25:01: BusnDataDir 加载数据字典成功
 2016-04-06 16:27:17,[InitServlet:ROOT_PATH]E:\workspace_mars\nStraf_svn\nStraf\
 2016-04-06 16:27:20,[InitServlet]initAppContext OK
 2016-04-06 16:27:22,2016-04-06 16:27:22: BusnDataDir 加载数据字典成功
 2016-04-06 16:27:22,Start TMM Server OK!
 2016-04-06 16:27:35,2016-04-06 16:27:35: User:admin doing login in
 2016-04-06 16:30:02,2016-04-06 16:30:02: BusnDataDir 加载数据字典成功
 2016-04-06 16:32:24,[InitServlet:ROOT_PATH]E:\workspace_mars\nStraf_svn\nStraf\
 2016-04-06 16:32:26,[InitServlet]initAppContext OK
 2016-04-06 16:32:29,2016-04-06 16:32:29: BusnDataDir 加载数据字典成功
 2016-04-06 16:32:29,Start TMM Server OK!
 2016-04-06 16:32:46,2016-04-06 16:32:46: User:admin doing login in
 2016-04-06 16:35:02,2016-04-06 16:35:02: BusnDataDir 加载数据字典成功
 2016-04-06 16:40:01,2016-04-06 16:40:01: BusnDataDir 加载数据字典成功
 2016-04-06 16:45:01,2016-04-06 16:45:01: BusnDataDir 加载数据字典成功
 2016-04-06 16:50:01,2016-04-06 16:50:01: BusnDataDir 加载数据字典成功
 2016-04-06 16:55:01,2016-04-06 16:55:01: BusnDataDir 加载数据字典成功
 2016-04-06 17:00:01,2016-04-06 17:00:01: BusnDataDir 加载数据字典成功
 2016-04-06 17:05:02,2016-04-06 17:05:02: BusnDataDir 加载数据字典成功
 2016-04-06 17:10:01,2016-04-06 17:10:01: BusnDataDir 加载数据字典成功
 2016-04-06 17:15:02,2016-04-06 17:15:02: BusnDataDir 加载数据字典成功
 2016-04-06 17:20:01,2016-04-06 17:20:01: BusnDataDir 加载数据字典成功
 2016-04-06 17:25:01,2016-04-06 17:25:01: BusnDataDir 加载数据字典成功
 2016-04-06 17:29:41,[InitServlet:ROOT_PATH]E:\workspace_mars\nStraf_svn\nStraf\
 2016-04-06 17:29:43,[InitServlet]initAppContext OK
 