2016-04-15 09:36:47,[InitServlet:ROOT_PATH]E:\workspace_mars\nStraf_svn\nStraf\
 2016-04-15 09:36:49,[InitServlet]initAppContext OK
 2016-04-15 09:36:50,2016-04-15 09:36:50: BusnDataDir 加载数据字典成功
 2016-04-15 09:36:50,Start TMM Server OK!
 2016-04-15 09:40:00,2016-04-15 09:40:00: BusnDataDir 加载数据字典成功
 2016-04-15 09:45:00,2016-04-15 09:45:00: BusnDataDir 加载数据字典成功
 2016-04-15 09:50:00,2016-04-15 09:50:00: BusnDataDir 加载数据字典成功
 2016-04-15 09:50:32,[InitServlet:ROOT_PATH]E:\workspace_mars\nStraf_svn\nStraf\
 2016-04-15 09:50:35,[InitServlet]initAppContext OK
 2016-04-15 09:50:36,2016-04-15 09:50:36: BusnDataDir 加载数据字典成功
 2016-04-15 09:50:36,Start TMM Server OK!
 2016-04-15 10:03:47,[InitServlet:ROOT_PATH]E:\workspace_mars\nStraf_svn\nStraf\
 2016-04-15 10:03:50,[InitServlet]initAppContext OK
 2016-04-15 10:03:51,2016-04-15 10:03:51: BusnDataDir 加载数据字典成功
 2016-04-15 10:03:51,Start TMM Server OK!
 2016-04-15 10:05:00,2016-04-15 10:05:00: BusnDataDir 加载数据字典成功
 2016-04-15 10:10:00,2016-04-15 10:10:00: BusnDataDir 加载数据字典成功
 2016-04-15 10:15:00,2016-04-15 10:15:00: BusnDataDir 加载数据字典成功
 2016-04-15 10:20:00,2016-04-15 10:20:00: BusnDataDir 加载数据字典成功
 2016-04-15 10:25:00,2016-04-15 10:25:00: BusnDataDir 加载数据字典成功
 2016-04-15 10:30:00,2016-04-15 10:30:00: BusnDataDir 加载数据字典成功
 2016-04-15 11:37:44,[InitServlet:ROOT_PATH]E:\workspace_mars\nStraf_svn\nStraf\
 2016-04-15 11:37:47,[InitServlet]initAppContext OK
 2016-04-15 11:37:48,2016-04-15 11:37:48: BusnDataDir 加载数据字典成功
 2016-04-15 11:37:48,Start TMM Server OK!
 2016-04-15 11:40:00,2016-04-15 11:40:00: BusnDataDir 加载数据字典成功
 2016-04-15 11:40:19,2016-04-15 11:40:19: User:admin doing login in
 2016-04-15 11:45:00,2016-04-15 11:45:00: BusnDataDir 加载数据字典成功
 2016-04-15 11:46:25,2016-04-15 11:46:25: User:admin doing login in
 2016-04-15 11:50:23,[InitServlet:ROOT_PATH]E:\workspace_mars\nStraf_svn\nStraf\
 2016-04-15 11:50:29,[InitServlet]initAppContext OK
 2016-04-15 11:50:30,2016-04-15 11:50:30: BusnDataDir 加载数据字典成功
 2016-04-15 11:50:30,Start TMM Server OK!
 2016-04-15 11:50:38,2016-04-15 11:50:38: User:admin doing login in
 2016-04-15 11:55:00,2016-04-15 11:55:00: BusnDataDir 加载数据字典成功
 2016-04-15 12:00:01,2016-04-15 12:00:01: BusnDataDir 加载数据字典成功
 2016-04-15 12:05:30,[InitServlet:ROOT_PATH]E:\workspace_mars\nStraf_svn\nStraf\
 2016-04-15 12:05:32,[InitServlet]initAppContext OK
 2016-04-15 12:05:33,2016-04-15 12:05:33: BusnDataDir 加载数据字典成功
 2016-04-15 12:05:33,Start TMM Server OK!
 2016-04-15 12:05:42,2016-04-15 12:05:42: User:admin doing login in
 2016-04-15 12:10:00,2016-04-15 12:10:00: BusnDataDir 加载数据字典成功
 2016-04-15 12:15:00,2016-04-15 12:15:00: BusnDataDir 加载数据字典成功
 2016-04-15 12:20:00,2016-04-15 12:20:00: BusnDataDir 加载数据字典成功
 2016-04-15 12:25:00,2016-04-15 12:25:00: BusnDataDir 加载数据字典成功
 2016-04-15 12:30:00,2016-04-15 12:30:00: BusnDataDir 加载数据字典成功
 2016-04-15 12:35:00,2016-04-15 12:35:00: BusnDataDir 加载数据字典成功
 2016-04-15 12:40:00,2016-04-15 12:40:00: BusnDataDir 加载数据字典成功
 2016-04-15 12:45:00,2016-04-15 12:45:00: BusnDataDir 加载数据字典成功
 2016-04-15 12:50:00,2016-04-15 12:50:00: BusnDataDir 加载数据字典成功
 2016-04-15 12:55:00,2016-04-15 12:55:00: BusnDataDir 加载数据字典成功
 2016-04-15 13:00:00,2016-04-15 13:00:00: BusnDataDir 加载数据字典成功
 2016-04-15 13:05:00,2016-04-15 13:05:00: BusnDataDir 加载数据字典成功
 2016-04-15 13:10:00,2016-04-15 13:10:00: BusnDataDir 加载数据字典成功
 2016-04-15 13:16:18,[InitServlet:ROOT_PATH]E:\workspace_mars\nStraf_svn\nStraf\
 2016-04-15 13:16:20,[InitServlet]initAppContext OK
 2016-04-15 13:16:22,2016-04-15 13:16:22: BusnDataDir 加载数据字典成功
 2016-04-15 13:16:22,Start TMM Server OK!
 2016-04-15 13:18:59,2016-04-15 13:18:59: User:admin doing login in
 2016-04-15 13:19:52,[InitServlet:ROOT_PATH]E:\workspace_mars\nStraf_svn\nStraf\
 2016-04-15 13:19:54,[InitServlet]initAppContext OK
 2016-04-15 13:19:55,2016-04-15 13:19:55: BusnDataDir 加载数据字典成功
 2016-04-15 13:19:55,Start TMM Server OK!
 2016-04-15 13:20:00,2016-04-15 13:20:00: BusnDataDir 加载数据字典成功
 2016-04-15 13:21:09,2016-04-15 13:21:09: User:admin doing login in
 2016-04-15 13:25:00,2016-04-15 13:25:00: BusnDataDir 加载数据字典成功
 2016-04-15 13:30:00,2016-04-15 13:30:00: BusnDataDir 加载数据字典成功
 2016-04-15 13:33:07,[InitServlet:ROOT_PATH]E:\workspace_mars\nStraf_svn\nStraf\
 2016-04-15 13:33:09,[InitServlet]initAppContext OK
 2016-04-15 13:33:10,2016-04-15 13:33:10: BusnDataDir 加载数据字典成功
 2016-04-15 13:33:10,Start TMM Server OK!
 2016-04-15 13:33:23,2016-04-15 13:33:23: User:admin doing login in
 2016-04-15 13:35:00,2016-04-15 13:35:00: BusnDataDir 加载数据字典成功
 2016-04-15 13:40:17,[InitServlet:ROOT_PATH]E:\workspace_mars\nStraf_svn\nStraf\
 2016-04-15 13:40:19,[InitServlet]initAppContext OK
 2016-04-15 13:40:20,2016-04-15 13:40:20: BusnDataDir 加载数据字典成功
 2016-04-15 13:40:20,Start TMM Server OK!
 2016-04-15 13:40:34,2016-04-15 13:40:34: User:admin doing login in
 2016-04-15 13:45:00,2016-04-15 13:45:00: BusnDataDir 加载数据字典成功
 2016-04-15 13:50:00,2016-04-15 13:50:00: BusnDataDir 加载数据字典成功
 2016-04-15 13:52:04,[InitServlet:ROOT_PATH]E:\workspace_mars\nStraf_svn\nStraf\
 2016-04-15 13:52:06,[InitServlet]initAppContext OK
 2016-04-15 13:52:08,2016-04-15 13:52:08: BusnDataDir 加载数据字典成功
 2016-04-15 13:52:08,Start TMM Server OK!
 2016-04-15 13:52:19,2016-04-15 13:52:19: User:admin doing login in
 2016-04-15 13:54:08,[InitServlet:ROOT_PATH]E:\workspace_mars\nStraf_svn\nStraf\
 2016-04-15 13:54:17,[InitServlet]initAppContext OK
 2016-04-15 13:54:41,[InitServlet:ROOT_PATH]E:\workspace_mars\nStraf_svn\nStraf\
 2016-04-15 13:54:43,[InitServlet]initAppContext OK
 2016-04-15 13:54:45,2016-04-15 13:54:45: BusnDataDir 加载数据字典成功
 2016-04-15 13:54:45,Start TMM Server OK!
 2016-04-15 13:54:56,2016-04-15 13:54:56: User:admin doing login in
 2016-04-15 13:55:00,2016-04-15 13:55:00: BusnDataDir 加载数据字典成功
 2016-04-15 14:00:00,2016-04-15 14:00:00: BusnDataDir 加载数据字典成功
 2016-04-15 14:05:00,2016-04-15 14:05:00: BusnDataDir 加载数据字典成功
 2016-04-15 14:10:00,2016-04-15 14:10:00: BusnDataDir 加载数据字典成功
 2016-04-15 14:15:00,2016-04-15 14:15:00: BusnDataDir 加载数据字典成功
 2016-04-15 14:20:00,2016-04-15 14:20:00: BusnDataDir 加载数据字典成功
 2016-04-15 14:25:00,2016-04-15 14:25:00: BusnDataDir 加载数据字典成功
 2016-04-15 14:26:09,[InitServlet:ROOT_PATH]E:\workspace_mars\nStraf_svn\nStraf\
 2016-04-15 14:26:11,[InitServlet]initAppContext OK
 2016-04-15 14:26:12,2016-04-15 14:26:12: BusnDataDir 加载数据字典成功
 2016-04-15 14:26:12,Start TMM Server OK!
 2016-04-15 14:26:24,2016-04-15 14:26:24: User:admin doing login in
 2016-04-15 14:30:00,2016-04-15 14:30:00: BusnDataDir 加载数据字典成功
 2016-04-15 14:35:00,2016-04-15 14:35:00: BusnDataDir 加载数据字典成功
 2016-04-15 14:40:00,2016-04-15 14:40:00: BusnDataDir 加载数据字典成功
 2016-04-15 14:45:00,2016-04-15 14:45:00: BusnDataDir 加载数据字典成功
 2016-04-15 14:50:02,2016-04-15 14:50:02: BusnDataDir 加载数据字典成功
 2016-04-15 14:55:00,2016-04-15 14:55:00: BusnDataDir 加载数据字典成功
 2016-04-15 15:00:00,2016-04-15 15:00:00: BusnDataDir 加载数据字典成功
 2016-04-15 15:05:00,2016-04-15 15:05:00: BusnDataDir 加载数据字典成功
 2016-04-15 15:09:30,User:admin doing login out
 2016-04-15 15:09:50,2016-04-15 15:09:50: User:admin doing login in
 2016-04-15 15:10:00,2016-04-15 15:10:00: BusnDataDir 加载数据字典成功
 2016-04-15 15:11:38,User:admin doing login out
 2016-04-15 15:11:46,2016-04-15 15:11:46: User:lxmei4 doing login in
 2016-04-15 15:12:10,User:lxmei4 doing login out
 2016-04-15 15:12:12,2016-04-15 15:12:12: User:admin doing login in
 2016-04-15 15:15:00,2016-04-15 15:15:00: BusnDataDir 加载数据字典成功
 2016-04-15 15:20:00,2016-04-15 15:20:00: BusnDataDir 加载数据字典成功
 2016-04-15 15:25:00,2016-04-15 15:25:00: BusnDataDir 加载数据字典成功
 2016-04-15 15:30:00,2016-04-15 15:30:00: BusnDataDir 加载数据字典成功
 2016-04-15 15:35:00,2016-04-15 15:35:00: BusnDataDir 加载数据字典成功
 2016-04-15 15:40:00,2016-04-15 15:40:00: BusnDataDir 加载数据字典成功
 2016-04-15 15:43:02,[InitServlet:ROOT_PATH]E:\workspace_mars\nStraf_svn\nStraf\
 2016-04-15 15:43:04,[InitServlet]initAppContext OK
 2016-04-15 15:43:05,2016-04-15 15:43:05: BusnDataDir 加载数据字典成功
 2016-04-15 15:43:06,Start TMM Server OK!
 2016-04-15 15:43:23,2016-04-15 15:43:23: User:admin doing login in
 2016-04-15 15:45:00,2016-04-15 15:45:00: BusnDataDir 加载数据字典成功
 2016-04-15 15:50:00,2016-04-15 15:50:00: BusnDataDir 加载数据字典成功
 2016-04-15 15:53:00,[InitServlet:ROOT_PATH]E:\workspace_mars\nStraf_svn\nStraf\
 2016-04-15 15:53:02,[InitServlet]initAppContext OK
 2016-04-15 15:53:03,2016-04-15 15:53:03: BusnDataDir 加载数据字典成功
 2016-04-15 15:53:03,Start TMM Server OK!
 2016-04-15 15:53:10,2016-04-15 15:53:10: User:admin doing login in
 2016-04-15 15:54:54,[InitServlet:ROOT_PATH]E:\workspace_mars\nStraf_svn\nStraf\
 2016-04-15 15:55:00,[InitServlet]initAppContext OK
 2016-04-15 15:56:03,[InitServlet:ROOT_PATH]E:\workspace_mars\nStraf_svn\nStraf\
 2016-04-15 15:56:04,[InitServlet]initAppContext OK
 2016-04-15 15:56:06,2016-04-15 15:56:06: BusnDataDir 加载数据字典成功
 2016-04-15 15:56:06,Start TMM Server OK!
 2016-04-15 15:56:11,2016-04-15 15:56:11: User:admin doing login in
 2016-04-15 15:57:24,[InitServlet:ROOT_PATH]E:\workspace_mars\nStraf_svn\nStraf\
 2016-04-15 15:57:25,[InitServlet]initAppContext OK
 2016-04-15 15:57:27,2016-04-15 15:57:27: BusnDataDir 加载数据字典成功
 2016-04-15 15:57:27,Start TMM Server OK!
 2016-04-15 15:57:32,2016-04-15 15:57:32: User:admin doing login in
 2016-04-15 16:00:00,2016-04-15 16:00:00: BusnDataDir 加载数据字典成功
 2016-04-15 16:05:22,[InitServlet:ROOT_PATH]E:\workspace_mars\nStraf_svn\nStraf\
 2016-04-15 16:05:24,[InitServlet]initAppContext OK
 2016-04-15 16:05:26,2016-04-15 16:05:26: BusnDataDir 加载数据字典成功
 2016-04-15 16:05:26,Start TMM Server OK!
 2016-04-15 16:05:32,2016-04-15 16:05:32: User:admin doing login in
 2016-04-15 16:06:44,User:admin doing login out
 2016-04-15 16:07:08,2016-04-15 16:07:08: User:admin doing login in
 2016-04-15 16:10:00,2016-04-15 16:10:00: BusnDataDir 加载数据字典成功
 2016-04-15 16:11:33,User:admin doing login out
 2016-04-15 16:11:35,2016-04-15 16:11:35: User:admin doing login in
 2016-04-15 16:12:16,User:admin doing login out
 2016-04-15 16:12:27,2016-04-15 16:12:27: User:ljlian2 doing login in
 2016-04-15 16:15:00,2016-04-15 16:15:00: BusnDataDir 加载数据字典成功
 2016-04-15 16:17:02,[InitServlet:ROOT_PATH]E:\workspace_mars\nStraf_svn\nStraf\
 2016-04-15 16:17:04,[InitServlet]initAppContext OK
 2016-04-15 16:17:05,2016-04-15 16:17:05: BusnDataDir 加载数据字典成功
 2016-04-15 16:17:05,Start TMM Server OK!
 2016-04-15 16:17:15,2016-04-15 16:17:15: User:admin doing login in
 2016-04-15 16:17:24,2016-04-15 16:17:24: User:zzwen6 doing login in
 2016-04-15 16:17:35,User:zzwen6 doing login out
 2016-04-15 16:17:46,2016-04-15 16:17:46: User:ljlian2 doing login in
 2016-04-15 16:20:00,2016-04-15 16:20:00: BusnDataDir 加载数据字典成功
 2016-04-15 16:25:00,2016-04-15 16:25:00: BusnDataDir 加载数据字典成功
 2016-04-15 16:30:00,2016-04-15 16:30:00: BusnDataDir 加载数据字典成功
 2016-04-15 16:35:00,2016-04-15 16:35:00: BusnDataDir 加载数据字典成功
 2016-04-15 16:40:00,2016-04-15 16:40:00: BusnDataDir 加载数据字典成功
 2016-04-15 16:45:00,2016-04-15 16:45:00: BusnDataDir 加载数据字典成功
 2016-04-15 16:50:00,2016-04-15 16:50:00: BusnDataDir 加载数据字典成功
 2016-04-15 16:55:00,2016-04-15 16:55:00: BusnDataDir 加载数据字典成功
 2016-04-15 17:00:00,2016-04-15 17:00:00: BusnDataDir 加载数据字典成功
 