2016-04-11 08:43:36,[InitServlet:ROOT_PATH]E:\workspace_mars\nStraf_svn\nStraf\
 2016-04-11 08:44:18,[InitServlet:ROOT_PATH]E:\workspace_mars\nStraf_svn\nStraf\
 2016-04-11 08:44:31,[InitServlet]initAppContext OK
 2016-04-11 08:44:33,2016-04-11 08:44:33: BusnDataDir 加载数据字典成功
 2016-04-11 08:44:33,Start TMM Server OK!
 2016-04-11 08:45:06,2016-04-11 08:45:06: BusnDataDir 加载数据字典成功
 2016-04-11 08:45:09,2016-04-11 08:45:09: User:admin doing login in
 2016-04-11 08:50:00,2016-04-11 08:50:00: BusnDataDir 加载数据字典成功
 2016-04-11 08:56:55,[InitServlet:ROOT_PATH]E:\workspace_mars\nStraf_svn\nStraf\
 2016-04-11 08:56:57,[InitServlet]initAppContext OK
 2016-04-11 08:56:59,2016-04-11 08:56:59: BusnDataDir 加载数据字典成功
 2016-04-11 08:56:59,Start TMM Server OK!
 2016-04-11 08:57:14,2016-04-11 08:57:14: User:admin doing login in
 2016-04-11 09:00:01,2016-04-11 09:00:01: BusnDataDir 加载数据字典成功
 2016-04-11 09:02:21,[InitServlet:ROOT_PATH]E:\workspace_mars\nStraf_svn\nStraf\
 2016-04-11 09:02:23,[InitServlet]initAppContext OK
 2016-04-11 09:02:24,2016-04-11 09:02:24: BusnDataDir 加载数据字典成功
 2016-04-11 09:02:24,Start TMM Server OK!
 2016-04-11 09:02:36,2016-04-11 09:02:36: User:nullfailed to login in; Error is:
 2016-04-11 09:02:38,2016-04-11 09:02:38: User:admin doing login in
 2016-04-11 09:04:17,[InitServlet:ROOT_PATH]E:\workspace_mars\nStraf_svn\nStraf\
 2016-04-11 09:04:19,[InitServlet]initAppContext OK
 2016-04-11 09:04:20,2016-04-11 09:04:20: BusnDataDir 加载数据字典成功
 2016-04-11 09:04:20,Start TMM Server OK!
 2016-04-11 09:04:31,2016-04-11 09:04:31: User:nullfailed to login in; Error is:
 2016-04-11 09:04:33,2016-04-11 09:04:33: User:admin doing login in
 2016-04-11 09:05:00,2016-04-11 09:05:00: BusnDataDir 加载数据字典成功
 2016-04-11 09:05:35,[InitServlet:ROOT_PATH]E:\workspace_mars\nStraf_svn\nStraf\
 2016-04-11 09:05:40,[InitServlet]initAppContext OK
 2016-04-11 09:05:42,2016-04-11 09:05:42: BusnDataDir 加载数据字典成功
 2016-04-11 09:05:42,Start TMM Server OK!
 2016-04-11 09:07:26,[InitServlet:ROOT_PATH]E:\workspace_mars\nStraf_svn\nStraf\
 2016-04-11 09:07:28,[InitServlet]initAppContext OK
 2016-04-11 09:07:30,2016-04-11 09:07:30: BusnDataDir 加载数据字典成功
 2016-04-11 09:07:30,Start TMM Server OK!
 2016-04-11 09:09:35,2016-04-11 09:09:35: User:admin doing login in
 2016-04-11 09:10:00,2016-04-11 09:10:00: BusnDataDir 加载数据字典成功
 2016-04-11 09:15:00,2016-04-11 09:15:00: BusnDataDir 加载数据字典成功
 2016-04-11 09:20:00,2016-04-11 09:20:00: BusnDataDir 加载数据字典成功
 2016-04-11 09:25:16,[InitServlet:ROOT_PATH]E:\workspace_mars\nStraf_svn\nStraf\
 2016-04-11 09:25:19,[InitServlet]initAppContext OK
 2016-04-11 09:25:24,2016-04-11 09:25:24: BusnDataDir 加载数据字典成功
 2016-04-11 09:25:24,Start TMM Server OK!
 2016-04-11 09:26:16,[InitServlet:ROOT_PATH]E:\workspace_mars\nStraf_svn\nStraf\
 2016-04-11 09:26:18,[InitServlet]initAppContext OK
 2016-04-11 09:26:19,2016-04-11 09:26:19: BusnDataDir 加载数据字典成功
 2016-04-11 09:26:19,Start TMM Server OK!
 2016-04-11 09:26:59,2016-04-11 09:26:59: User:admin doing login in
 2016-04-11 09:47:11,[InitServlet:ROOT_PATH]E:\workspace_mars\nStraf_svn\nStraf\
 2016-04-11 09:47:13,[InitServlet]initAppContext OK
 2016-04-11 09:47:15,2016-04-11 09:47:15: BusnDataDir 加载数据字典成功
 2016-04-11 09:47:15,Start TMM Server OK!
 2016-04-11 09:47:26,2016-04-11 09:47:26: User:admin doing login in
 2016-04-11 09:50:00,2016-04-11 09:50:00: BusnDataDir 加载数据字典成功
 2016-04-11 09:55:00,2016-04-11 09:55:00: BusnDataDir 加载数据字典成功
 2016-04-11 10:05:49,[InitServlet:ROOT_PATH]E:\workspace_mars\nStraf_svn\nStraf\
 2016-04-11 10:05:52,[InitServlet]initAppContext OK
 2016-04-11 10:05:53,2016-04-11 10:05:53: BusnDataDir 加载数据字典成功
 2016-04-11 10:05:53,Start TMM Server OK!
 2016-04-11 10:10:00,2016-04-11 10:10:00: BusnDataDir 加载数据字典成功
 2016-04-11 10:15:00,2016-04-11 10:15:00: BusnDataDir 加载数据字典成功
 2016-04-11 10:20:00,2016-04-11 10:20:00: BusnDataDir 加载数据字典成功
 2016-04-11 10:25:00,2016-04-11 10:25:00: BusnDataDir 加载数据字典成功
 2016-04-11 10:30:00,2016-04-11 10:30:00: BusnDataDir 加载数据字典成功
 2016-04-11 10:35:00,2016-04-11 10:35:00: BusnDataDir 加载数据字典成功
 2016-04-11 10:40:00,2016-04-11 10:40:00: BusnDataDir 加载数据字典成功
 2016-04-11 10:45:00,2016-04-11 10:45:00: BusnDataDir 加载数据字典成功
 2016-04-11 10:58:13,[InitServlet:ROOT_PATH]E:\workspace_mars\nStraf_svn\nStraf\
 2016-04-11 10:58:14,[InitServlet]initAppContext OK
 2016-04-11 10:58:16,2016-04-11 10:58:16: BusnDataDir 加载数据字典成功
 2016-04-11 10:58:16,Start TMM Server OK!
 2016-04-11 10:58:24,2016-04-11 10:58:24: User:admin doing login in
 2016-04-11 11:00:00,2016-04-11 11:00:00: BusnDataDir 加载数据字典成功
 2016-04-11 11:05:00,2016-04-11 11:05:00: BusnDataDir 加载数据字典成功
 2016-04-11 11:07:47,[InitServlet:ROOT_PATH]E:\workspace_mars\nStraf_svn\nStraf\
 2016-04-11 11:07:49,[InitServlet]initAppContext OK
 2016-04-11 11:07:50,2016-04-11 11:07:50: BusnDataDir 加载数据字典成功
 2016-04-11 11:07:50,Start TMM Server OK!
 2016-04-11 11:08:46,2016-04-11 11:08:46: User:admin doing login in
 2016-04-11 11:10:00,2016-04-11 11:10:00: BusnDataDir 加载数据字典成功
 2016-04-11 11:15:00,2016-04-11 11:15:00: BusnDataDir 加载数据字典成功
 2016-04-11 11:16:06,[InitServlet:ROOT_PATH]E:\workspace_mars\nStraf_svn\nStraf\
 2016-04-11 11:16:08,[InitServlet]initAppContext OK
 2016-04-11 11:16:10,2016-04-11 11:16:10: BusnDataDir 加载数据字典成功
 2016-04-11 11:16:10,Start TMM Server OK!
 2016-04-11 11:20:01,2016-04-11 11:20:01: BusnDataDir 加载数据字典成功
 2016-04-11 11:25:00,2016-04-11 11:25:00: BusnDataDir 加载数据字典成功
 2016-04-11 11:30:00,2016-04-11 11:30:00: BusnDataDir 加载数据字典成功
 2016-04-11 11:35:00,2016-04-11 11:35:00: BusnDataDir 加载数据字典成功
 2016-04-11 11:38:23,2016-04-11 11:38:23: User:admin doing login in
 2016-04-11 11:40:00,2016-04-11 11:40:00: BusnDataDir 加载数据字典成功
 2016-04-11 11:41:25,[InitServlet:ROOT_PATH]E:\workspace_mars\nStraf_svn\nStraf\
 2016-04-11 11:41:27,[InitServlet]initAppContext OK
 2016-04-11 11:41:29,2016-04-11 11:41:29: BusnDataDir 加载数据字典成功
 2016-04-11 11:41:29,Start TMM Server OK!
 2016-04-11 11:41:51,2016-04-11 11:41:51: User:nullfailed to login in; Error is:
 2016-04-11 11:41:54,2016-04-11 11:41:54: User:admin doing login in
 2016-04-11 11:45:00,2016-04-11 11:45:00: BusnDataDir 加载数据字典成功
 2016-04-11 11:50:00,2016-04-11 11:50:00: BusnDataDir 加载数据字典成功
 2016-04-11 11:53:54,[InitServlet:ROOT_PATH]E:\workspace_mars\nStraf_svn\nStraf\
 2016-04-11 11:53:56,[InitServlet]initAppContext OK
 2016-04-11 11:53:57,2016-04-11 11:53:57: BusnDataDir 加载数据字典成功
 2016-04-11 11:53:57,Start TMM Server OK!
 2016-04-11 11:55:01,2016-04-11 11:55:01: BusnDataDir 加载数据字典成功
 2016-04-11 12:00:00,2016-04-11 12:00:00: BusnDataDir 加载数据字典成功
 2016-04-11 12:01:52,[InitServlet:ROOT_PATH]E:\workspace_mars\nStraf_svn\nStraf\
 2016-04-11 12:01:54,[InitServlet]initAppContext OK
 2016-04-11 12:01:55,2016-04-11 12:01:55: BusnDataDir 加载数据字典成功
 2016-04-11 12:01:55,Start TMM Server OK!
 2016-04-11 12:05:00,2016-04-11 12:05:00: BusnDataDir 加载数据字典成功
 2016-04-11 12:34:40,[InitServlet:ROOT_PATH]E:\workspace_mars\nStraf_svn\nStraf\
 2016-04-11 12:34:42,[InitServlet]initAppContext OK
 2016-04-11 12:34:43,2016-04-11 12:34:43: BusnDataDir 加载数据字典成功
 2016-04-11 12:34:43,Start TMM Server OK!
 2016-04-11 12:35:00,2016-04-11 12:35:00: BusnDataDir 加载数据字典成功
 2016-04-11 12:40:00,2016-04-11 12:40:00: BusnDataDir 加载数据字典成功
 2016-04-11 12:45:00,2016-04-11 12:45:00: BusnDataDir 加载数据字典成功
 2016-04-11 12:50:00,2016-04-11 12:50:00: BusnDataDir 加载数据字典成功
 2016-04-11 12:55:00,2016-04-11 12:55:00: BusnDataDir 加载数据字典成功
 2016-04-11 13:00:00,2016-04-11 13:00:00: BusnDataDir 加载数据字典成功
 2016-04-11 13:05:00,2016-04-11 13:05:00: BusnDataDir 加载数据字典成功
 2016-04-11 13:11:18,[InitServlet:ROOT_PATH]E:\workspace_mars\nStraf_svn\nStraf\
 2016-04-11 13:11:20,[InitServlet]initAppContext OK
 2016-04-11 13:11:21,2016-04-11 13:11:21: BusnDataDir 加载数据字典成功
 2016-04-11 13:11:21,Start TMM Server OK!
 2016-04-11 13:12:49,2016-04-11 13:12:49: User:admin doing login in
 2016-04-11 13:19:05,[InitServlet:ROOT_PATH]E:\workspace_mars\nStraf_svn\nStraf\
 2016-04-11 13:19:07,[InitServlet]initAppContext OK
 2016-04-11 13:19:09,2016-04-11 13:19:09: BusnDataDir 加载数据字典成功
 2016-04-11 13:19:09,Start TMM Server OK!
 2016-04-11 13:19:30,2016-04-11 13:19:30: User:admin doing login in
 2016-04-11 13:20:00,2016-04-11 13:20:00: BusnDataDir 加载数据字典成功
 2016-04-11 13:25:00,2016-04-11 13:25:00: BusnDataDir 加载数据字典成功
 2016-04-11 13:30:00,2016-04-11 13:30:00: BusnDataDir 加载数据字典成功
 2016-04-11 13:32:05,[InitServlet:ROOT_PATH]E:\workspace_mars\nStraf_svn\nStraf\
 2016-04-11 13:32:06,[InitServlet]initAppContext OK
 2016-04-11 13:32:08,2016-04-11 13:32:08: BusnDataDir 加载数据字典成功
 2016-04-11 13:32:08,Start TMM Server OK!
 2016-04-11 13:35:00,2016-04-11 13:35:00: BusnDataDir 加载数据字典成功
 2016-04-11 13:40:00,2016-04-11 13:40:00: BusnDataDir 加载数据字典成功
 2016-04-11 13:45:00,2016-04-11 13:45:00: BusnDataDir 加载数据字典成功
 2016-04-11 13:50:00,2016-04-11 13:50:00: BusnDataDir 加载数据字典成功
 2016-04-11 13:55:00,2016-04-11 13:55:00: BusnDataDir 加载数据字典成功
 2016-04-11 14:00:00,2016-04-11 14:00:00: BusnDataDir 加载数据字典成功
 2016-04-11 15:01:52,[InitServlet:ROOT_PATH]E:\workspace_mars\nStraf_svn\nStraf\
 2016-04-11 15:01:57,[InitServlet]initAppContext OK
 2016-04-11 15:01:58,2016-04-11 15:01:58: BusnDataDir 加载数据字典成功
 2016-04-11 15:01:58,Start TMM Server OK!
 2016-04-11 15:02:39,2016-04-11 15:02:39: User:admin doing login in
 2016-04-11 15:04:35,User:admin to add a menu: 项目信息统计
 2016-04-11 15:05:01,2016-04-11 15:05:01: BusnDataDir 加载数据字典成功
 2016-04-11 15:05:11,admin:update menu8a81a2ba5404204901540422e1f30002
 2016-04-11 15:06:47,admin:save a role function:administrator[Ljava.lang.String;@67f9f9bb
 2016-04-11 15:06:47,admin:save a role function:administrator[Ljava.lang.String;@2dcdfbd6
 2016-04-11 15:06:47,admin:save a role function:administrator[Ljava.lang.String;@2bc9877a
 2016-04-11 15:06:47,admin:save a role function:administrator[Ljava.lang.String;@6142293c
 2016-04-11 15:06:47,admin:save a role function:administrator[Ljava.lang.String;@282a72b6
 2016-04-11 15:06:47,admin:save a role function:administrator[Ljava.lang.String;@7d7165ad
 2016-04-11 15:06:47,admin:save a role function:administrator[Ljava.lang.String;@72e3796b
 2016-04-11 15:06:47,admin:save a role function:administrator[Ljava.lang.String;@1cc5e330
 2016-04-11 15:06:47,admin:save a role function:administrator[Ljava.lang.String;@d3fe361
 2016-04-11 15:06:47,admin:save a role function:administrator[Ljava.lang.String;@1c46d6fd
 2016-04-11 15:06:47,admin:save a role function:administrator[Ljava.lang.String;@268a6a56
 2016-04-11 15:06:47,admin:save a role function:administrator[Ljava.lang.String;@4b4bfa67
 2016-04-11 15:06:47,admin:save a role function:administrator[Ljava.lang.String;@7e69655d
 2016-04-11 15:06:47,admin:save a role function:administrator[Ljava.lang.String;@67210ba7
 2016-04-11 15:06:47,admin:save a role function:administrator[Ljava.lang.String;@4c04e87f
 2016-04-11 15:06:47,admin:save a role function:administrator[Ljava.lang.String;@48982bb2
 2016-04-11 15:06:47,admin:save a role function:administrator[Ljava.lang.String;@5a28e3d5
 2016-04-11 15:06:47,admin:save a role function:administrator[Ljava.lang.String;@d95664d
 2016-04-11 15:06:47,admin:save a role function:administrator[Ljava.lang.String;@7fa4d8a
 2016-04-11 15:06:47,admin:save a role function:administrator[Ljava.lang.String;@24ede47a
 2016-04-11 15:06:47,admin:save a role function:administrator[Ljava.lang.String;@71933426
 2016-04-11 15:06:47,admin:save a role function:administrator[Ljava.lang.String;@51524e60
 2016-04-11 15:06:47,admin:save a role function:administrator[Ljava.lang.String;@414bf010
 2016-04-11 15:06:47,admin:save a role function:administrator[Ljava.lang.String;@3f6c9c1f
 2016-04-11 15:06:47,admin:save a role function:administrator[Ljava.lang.String;@7c0973e9
 2016-04-11 15:06:47,admin:save a role function:administrator[Ljava.lang.String;@30157ea7
 2016-04-11 15:06:47,admin:save a role function:administrator[Ljava.lang.String;@25166f5e
 2016-04-11 15:06:47,admin:save a role function:administrator[Ljava.lang.String;@1f48c4cc
 2016-04-11 15:06:47,admin:save a role function:administrator[Ljava.lang.String;@2e5f58cd
 2016-04-11 15:06:47,admin:save a role function:administrator[Ljava.lang.String;@40d74d42
 2016-04-11 15:06:47,admin:save a role function:administrator[Ljava.lang.String;@49955a43
 2016-04-11 15:06:47,admin:save a role function:administrator[Ljava.lang.String;@33dab414
 2016-04-11 15:06:47,admin:save a role function:administrator[Ljava.lang.String;@343eed11
 2016-04-11 15:06:47,admin:save a role function:administrator[Ljava.lang.String;@3824291
 2016-04-11 15:06:47,admin:save a role function:administrator[Ljava.lang.String;@169e29f2
 2016-04-11 15:06:47,admin:save a role function:administrator[Ljava.lang.String;@4f820592
 2016-04-11 15:06:47,admin:save a role function:administrator[Ljava.lang.String;@38666c31
 2016-04-11 15:06:47,admin:save a role function:administrator[Ljava.lang.String;@32c7496d
 2016-04-11 15:06:47,admin:save a role function:administrator[Ljava.lang.String;@5f7e47c8
 2016-04-11 15:06:47,admin:save a role function:administrator[Ljava.lang.String;@40f0c691
 2016-04-11 15:06:47,admin:save a role function:administrator[Ljava.lang.String;@4d1d5468
 2016-04-11 15:10:00,2016-04-11 15:10:00: BusnDataDir 加载数据字典成功
 2016-04-11 15:15:00,2016-04-11 15:15:00: BusnDataDir 加载数据字典成功
 2016-04-11 15:23:57,[InitServlet:ROOT_PATH]E:\workspace_mars\nStraf_svn\nStraf\
 2016-04-11 15:23:59,[InitServlet]initAppContext OK
 2016-04-11 15:24:00,2016-04-11 15:24:00: BusnDataDir 加载数据字典成功
 2016-04-11 15:24:00,Start TMM Server OK!
 2016-04-11 15:25:11,[InitServlet:ROOT_PATH]E:\workspace_mars\nStraf_svn\nStraf\
 2016-04-11 15:25:13,[InitServlet]initAppContext OK
 2016-04-11 15:25:14,2016-04-11 15:25:14: BusnDataDir 加载数据字典成功
 2016-04-11 15:25:14,Start TMM Server OK!
 2016-04-11 15:25:31,2016-04-11 15:25:31: User:admin doing login in
 2016-04-11 15:30:00,2016-04-11 15:30:00: BusnDataDir 加载数据字典成功
 2016-04-11 15:35:00,2016-04-11 15:35:00: BusnDataDir 加载数据字典成功
 2016-04-11 15:40:00,2016-04-11 15:40:00: BusnDataDir 加载数据字典成功
 2016-04-11 15:45:00,2016-04-11 15:45:00: BusnDataDir 加载数据字典成功
 2016-04-11 15:50:00,2016-04-11 15:50:00: BusnDataDir 加载数据字典成功
 2016-04-11 15:55:03,2016-04-11 15:55:03: BusnDataDir 加载数据字典成功
 2016-04-11 16:00:00,2016-04-11 16:00:00: BusnDataDir 加载数据字典成功
 2016-04-11 16:05:00,2016-04-11 16:05:00: BusnDataDir 加载数据字典成功
 2016-04-11 16:10:00,2016-04-11 16:10:00: BusnDataDir 加载数据字典成功
 2016-04-11 16:15:00,2016-04-11 16:15:00: BusnDataDir 加载数据字典成功
 2016-04-11 16:20:00,2016-04-11 16:20:00: BusnDataDir 加载数据字典成功
 2016-04-11 16:25:00,2016-04-11 16:25:00: BusnDataDir 加载数据字典成功
 2016-04-11 16:30:01,2016-04-11 16:30:01: BusnDataDir 加载数据字典成功
 2016-04-11 16:35:00,2016-04-11 16:35:00: BusnDataDir 加载数据字典成功
 2016-04-11 16:40:00,2016-04-11 16:40:00: BusnDataDir 加载数据字典成功
 2016-04-11 16:45:00,2016-04-11 16:45:00: BusnDataDir 加载数据字典成功
 2016-04-11 16:50:01,2016-04-11 16:50:01: BusnDataDir 加载数据字典成功
 2016-04-11 16:55:00,2016-04-11 16:55:00: BusnDataDir 加载数据字典成功
 2016-04-11 17:00:00,2016-04-11 17:00:00: BusnDataDir 加载数据字典成功
 2016-04-11 17:05:00,2016-04-11 17:05:00: BusnDataDir 加载数据字典成功
 