2014-07-07 08:12:10,[InitServlet:ROOT_PATH]D:\lhyan3\运通信息信息化办公\STM\nStraf\
 2014-07-07 08:12:11,[InitServlet]initAppContext OK
 2014-07-07 08:12:12,BusnDataDir DataDir OK
 2014-07-07 08:12:12,BusnDataDir DataDir OK
 2014-07-07 08:12:12,BusnDataDir SysUserMap OK!
 2014-07-07 08:12:12,BusnDataDir sysUserMap OK
 2014-07-07 08:12:13,BusnDataDir menuMap OK!
 2014-07-07 08:12:13,BusnDataDir menuMap OK
 2014-07-07 08:12:13,BusnDataDir OrgInfoMap OK!
 2014-07-07 08:12:13,BusnDataDir OrgInfoMap OK
 2014-07-07 08:12:13,Start TMM Server OK!
 2014-07-07 08:12:37,User:lhyan3 doing login in
 2014-07-07 09:11:11,User:lhyan3 doing login out
 2014-07-07 09:20:14,[InitServlet:ROOT_PATH]D:\lhyan3\运通信息信息化办公\STM\nStraf\
 2014-07-07 09:20:14,[InitServlet]initAppContext OK
 2014-07-07 09:20:17,BusnDataDir DataDir OK
 2014-07-07 09:20:18,BusnDataDir DataDir OK
 2014-07-07 09:20:18,BusnDataDir SysUserMap OK!
 2014-07-07 09:20:18,BusnDataDir sysUserMap OK
 2014-07-07 09:20:18,BusnDataDir menuMap OK!
 2014-07-07 09:20:18,BusnDataDir menuMap OK
 2014-07-07 09:20:18,BusnDataDir OrgInfoMap OK!
 2014-07-07 09:20:18,BusnDataDir OrgInfoMap OK
 2014-07-07 09:20:18,Start TMM Server OK!
 2014-07-07 09:40:05,User:lhyan3 doing login in
 2016-03-31 15:50:21,[InitServlet:ROOT_PATH]E:\workspace_mars\nStraf_svn\nStraf\
 2016-03-31 15:50:23,[InitServlet]initAppContext OK
 2016-03-31 15:50:24,2016-03-31 15:50:24: BusnDataDir 加载数据字典成功
 2016-03-31 15:50:24,Start TMM Server OK!
 2016-03-31 15:55:00,2016-03-31 15:55:00: BusnDataDir 加载数据字典成功
 2016-03-31 16:00:00,2016-03-31 16:00:00: BusnDataDir 加载数据字典成功
 2016-03-31 16:05:00,2016-03-31 16:05:00: BusnDataDir 加载数据字典成功
 2016-03-31 16:10:00,2016-03-31 16:10:00: BusnDataDir 加载数据字典成功
 2016-03-31 16:15:00,2016-03-31 16:15:00: BusnDataDir 加载数据字典成功
 2016-03-31 16:20:00,2016-03-31 16:20:00: BusnDataDir 加载数据字典成功
 2016-03-31 16:25:00,2016-03-31 16:25:00: BusnDataDir 加载数据字典成功
 2016-03-31 16:30:00,2016-03-31 16:30:00: BusnDataDir 加载数据字典成功
 2016-03-31 16:35:00,2016-03-31 16:35:00: BusnDataDir 加载数据字典成功
 2016-03-31 16:40:00,2016-03-31 16:40:00: BusnDataDir 加载数据字典成功
 2016-03-31 16:45:00,2016-03-31 16:45:00: BusnDataDir 加载数据字典成功
 2016-03-31 16:50:00,2016-03-31 16:50:00: BusnDataDir 加载数据字典成功
 2016-03-31 16:55:00,2016-03-31 16:55:00: BusnDataDir 加载数据字典成功
 2016-03-31 17:00:00,2016-03-31 17:00:00: BusnDataDir 加载数据字典成功
 2016-03-31 17:05:00,2016-03-31 17:05:00: BusnDataDir 加载数据字典成功
 2016-03-31 17:10:00,2016-03-31 17:10:00: BusnDataDir 加载数据字典成功
 2016-03-31 17:15:00,2016-03-31 17:15:00: BusnDataDir 加载数据字典成功
 2016-03-31 17:20:00,2016-03-31 17:20:00: BusnDataDir 加载数据字典成功
 2016-03-31 17:25:00,2016-03-31 17:25:00: BusnDataDir 加载数据字典成功
 2016-03-31 17:30:00,2016-03-31 17:30:00: BusnDataDir 加载数据字典成功
 2016-03-31 17:35:00,2016-03-31 17:35:00: BusnDataDir 加载数据字典成功
 2016-03-31 17:40:00,2016-03-31 17:40:00: BusnDataDir 加载数据字典成功
 