2016-04-01 08:31:29,[InitServlet:ROOT_PATH]E:\workspace_mars\nStraf_svn\nStraf\
 2016-04-01 08:31:31,[InitServlet]initAppContext OK
 2016-04-01 08:31:32,2016-04-01 08:31:32: BusnDataDir 加载数据字典成功
 2016-04-01 08:31:32,Start TMM Server OK!
 2016-04-01 08:31:51,2016-04-01 08:31:51: User:admin doing login in
 2016-04-01 08:35:00,2016-04-01 08:35:00: BusnDataDir 加载数据字典成功
 2016-04-01 08:40:00,2016-04-01 08:40:00: BusnDataDir 加载数据字典成功
 2016-04-01 08:45:00,2016-04-01 08:45:00: BusnDataDir 加载数据字典成功
 2016-04-01 08:50:00,2016-04-01 08:50:00: BusnDataDir 加载数据字典成功
 2016-04-01 08:55:00,2016-04-01 08:55:00: BusnDataDir 加载数据字典成功
 2016-04-01 09:00:05,2016-04-01 09:00:05: BusnDataDir 加载数据字典成功
 2016-04-01 09:05:00,2016-04-01 09:05:00: BusnDataDir 加载数据字典成功
 2016-04-01 09:06:44,[InitServlet:ROOT_PATH]E:\workspace_mars\nStraf_svn\nStraf\
 2016-04-01 09:06:46,[InitServlet]initAppContext OK
 2016-04-01 09:06:47,2016-04-01 09:06:47: BusnDataDir 加载数据字典成功
 2016-04-01 09:06:47,Start TMM Server OK!
 2016-04-01 09:06:57,2016-04-01 09:06:57: User:admin doing login in
 2016-04-01 09:10:08,[InitServlet:ROOT_PATH]E:\workspace_mars\nStraf_svn\nStraf\
 2016-04-01 09:10:11,[InitServlet]initAppContext OK
 2016-04-01 09:10:12,2016-04-01 09:10:12: BusnDataDir 加载数据字典成功
 2016-04-01 09:10:12,Start TMM Server OK!
 2016-04-01 09:11:13,2016-04-01 09:11:13: User:admin doing login in
 2016-04-01 09:13:43,[InitServlet:ROOT_PATH]E:\workspace_mars\nStraf_svn\nStraf\
 2016-04-01 09:13:46,[InitServlet]initAppContext OK
 2016-04-01 09:13:49,2016-04-01 09:13:49: BusnDataDir 加载数据字典成功
 2016-04-01 09:13:49,Start TMM Server OK!
 2016-04-01 09:13:54,2016-04-01 09:13:54: User:admin doing login in
 2016-04-01 09:14:07,User:admin doing login out
 2016-04-01 09:14:18,2016-04-01 09:14:18: User:zzwen6 doing login in
 2016-04-01 09:15:01,2016-04-01 09:15:01: BusnDataDir 加载数据字典成功
 2016-04-01 09:20:28,[InitServlet:ROOT_PATH]E:\workspace_mars\nStraf_svn\nStraf\
 2016-04-01 09:20:31,[InitServlet]initAppContext OK
 2016-04-01 09:20:34,2016-04-01 09:20:34: BusnDataDir 加载数据字典成功
 2016-04-01 09:20:34,Start TMM Server OK!
 2016-04-01 09:20:47,2016-04-01 09:20:47: User:admin doing login in
 2016-04-01 09:25:01,2016-04-01 09:25:01: BusnDataDir 加载数据字典成功
 2016-04-01 09:30:01,2016-04-01 09:30:01: BusnDataDir 加载数据字典成功
 2016-04-01 09:30:28,2016-04-01 09:30:28: User:admin doing login in
 2016-04-01 09:35:02,2016-04-01 09:35:02: BusnDataDir 加载数据字典成功
 2016-04-01 09:40:02,2016-04-01 09:40:02: BusnDataDir 加载数据字典成功
 2016-04-01 09:45:02,2016-04-01 09:45:02: BusnDataDir 加载数据字典成功
 2016-04-01 13:46:14,[InitServlet:ROOT_PATH]E:\workspace_mars\nStraf_svn\nStraf\
 2016-04-01 13:46:16,[InitServlet]initAppContext OK
 2016-04-01 13:46:19,2016-04-01 13:46:19: BusnDataDir 加载数据字典成功
 2016-04-01 13:46:19,Start TMM Server OK!
 2016-04-01 13:46:36,2016-04-01 13:46:36: User:admin doing login in
 2016-04-01 13:50:01,2016-04-01 13:50:01: BusnDataDir 加载数据字典成功
 2016-04-01 13:54:55,[InitServlet:ROOT_PATH]E:\workspace_mars\nStraf_svn\nStraf\
 2016-04-01 13:54:58,[InitServlet]initAppContext OK
 2016-04-01 13:55:01,2016-04-01 13:55:01: BusnDataDir 加载数据字典成功
 2016-04-01 13:55:01,Start TMM Server OK!
 2016-04-01 13:55:01,2016-04-01 13:55:01: BusnDataDir 加载数据字典成功
 2016-04-01 13:55:06,2016-04-01 13:55:06: User:admin doing login in
 2016-04-01 14:00:01,2016-04-01 14:00:01: BusnDataDir 加载数据字典成功
 2016-04-01 14:05:01,2016-04-01 14:05:01: BusnDataDir 加载数据字典成功
 2016-04-01 14:10:01,2016-04-01 14:10:01: BusnDataDir 加载数据字典成功
 2016-04-01 14:15:01,2016-04-01 14:15:01: BusnDataDir 加载数据字典成功
 2016-04-01 14:20:01,2016-04-01 14:20:01: BusnDataDir 加载数据字典成功
 2016-04-01 14:25:03,2016-04-01 14:25:03: BusnDataDir 加载数据字典成功
 2016-04-01 14:30:02,2016-04-01 14:30:02: BusnDataDir 加载数据字典成功
 2016-04-01 14:35:01,2016-04-01 14:35:01: BusnDataDir 加载数据字典成功
 2016-04-01 14:40:01,2016-04-01 14:40:01: BusnDataDir 加载数据字典成功
 2016-04-01 14:45:01,2016-04-01 14:45:01: BusnDataDir 加载数据字典成功
 2016-04-01 14:50:01,2016-04-01 14:50:01: BusnDataDir 加载数据字典成功
 2016-04-01 14:55:02,2016-04-01 14:55:02: BusnDataDir 加载数据字典成功
 2016-04-01 15:00:02,2016-04-01 15:00:02: BusnDataDir 加载数据字典成功
 2016-04-01 15:05:01,2016-04-01 15:05:01: BusnDataDir 加载数据字典成功
 