2016-04-07 12:04:01,[InitServlet:ROOT_PATH]E:\workspace_mars\nStraf_svn\nStraf\
 2016-04-07 12:04:03,[InitServlet]initAppContext OK
 2016-04-07 12:04:06,2016-04-07 12:04:06: BusnDataDir 加载数据字典成功
 2016-04-07 12:04:06,Start TMM Server OK!
 2016-04-07 12:04:37,2016-04-07 12:04:37: User:admin doing login in
 2016-04-07 12:05:01,2016-04-07 12:05:01: BusnDataDir 加载数据字典成功
 2016-04-07 12:10:01,2016-04-07 12:10:01: BusnDataDir 加载数据字典成功
 2016-04-07 12:15:01,2016-04-07 12:15:01: BusnDataDir 加载数据字典成功
 2016-04-07 12:20:01,2016-04-07 12:20:01: BusnDataDir 加载数据字典成功
 2016-04-07 12:25:01,2016-04-07 12:25:01: BusnDataDir 加载数据字典成功
 2016-04-07 12:30:01,2016-04-07 12:30:01: BusnDataDir 加载数据字典成功
 2016-04-07 12:35:01,2016-04-07 12:35:01: BusnDataDir 加载数据字典成功
 2016-04-07 12:40:01,2016-04-07 12:40:01: BusnDataDir 加载数据字典成功
 2016-04-07 12:45:01,2016-04-07 12:45:01: BusnDataDir 加载数据字典成功
 2016-04-07 12:50:01,2016-04-07 12:50:01: BusnDataDir 加载数据字典成功
 2016-04-07 12:55:01,2016-04-07 12:55:01: BusnDataDir 加载数据字典成功
 2016-04-07 13:00:01,2016-04-07 13:00:01: BusnDataDir 加载数据字典成功
 2016-04-07 13:05:01,2016-04-07 13:05:01: BusnDataDir 加载数据字典成功
 2016-04-07 13:10:01,2016-04-07 13:10:01: BusnDataDir 加载数据字典成功
 2016-04-07 13:15:01,2016-04-07 13:15:01: BusnDataDir 加载数据字典成功
 