2016-04-08 08:59:18,[InitServlet:ROOT_PATH]E:\workspace_mars\nStraf_svn\nStraf\
 2016-04-08 08:59:21,[InitServlet]initAppContext OK
 2016-04-08 08:59:24,2016-04-08 08:59:24: BusnDataDir 加载数据字典成功
 2016-04-08 08:59:24,Start TMM Server OK!
 2016-04-08 09:20:17,[InitServlet:ROOT_PATH]E:\workspace_mars\nStraf_svn\nStraf\
 2016-04-08 09:20:20,[InitServlet]initAppContext OK
 2016-04-08 09:20:22,2016-04-08 09:20:22: BusnDataDir 加载数据字典成功
 2016-04-08 09:20:22,Start TMM Server OK!
 2016-04-08 09:22:01,2016-04-08 09:22:01: 发送邮件成功，接收人:[Ljavax.mail.internet.InternetAddress;@398665f3
 2016-04-08 09:22:01,2016-04-08 09:22:00日志统计邮件接收者：刘传俊
 2016-04-08 09:22:02,2016-04-08 09:22:02: 发送邮件成功，接收人:[Ljavax.mail.internet.InternetAddress;@6373511
 2016-04-08 09:22:02,2016-04-08 09:22:01日志统计邮件接收者：卿青海
 2016-04-08 09:22:03,2016-04-08 09:22:03: 发送邮件成功，接收人:[Ljavax.mail.internet.InternetAddress;@66ada569
 2016-04-08 09:22:03,2016-04-08 09:22:02日志统计邮件接收者：陈勇
 2016-04-08 09:22:04,2016-04-08 09:22:04: 发送邮件成功，接收人:[Ljavax.mail.internet.InternetAddress;@249bc0c0
 2016-04-08 09:22:04,2016-04-08 09:22:03日志统计邮件接收者：柯文辉
 2016-04-08 09:22:05,2016-04-08 09:22:05: 发送邮件成功，接收人:[Ljavax.mail.internet.InternetAddress;@68584623
 2016-04-08 09:22:05,2016-04-08 09:22:04日志统计邮件接收者：冯天桂
 2016-04-08 09:22:06,2016-04-08 09:22:06: 发送邮件成功，接收人:[Ljavax.mail.internet.InternetAddress;@5dc31896
 2016-04-08 09:22:06,2016-04-08 09:22:05日志统计邮件接收者：陈晓金
 2016-04-08 09:22:08,2016-04-08 09:22:08: 发送邮件成功，接收人:[Ljavax.mail.internet.InternetAddress;@3257e1b6
 2016-04-08 09:22:09,2016-04-08 09:22:09: 发送邮件成功，接收人:[Ljavax.mail.internet.InternetAddress;@5b27489f
 2016-04-08 09:22:10,2016-04-08 09:22:10: 发送邮件成功，接收人:[Ljavax.mail.internet.InternetAddress;@5a289a57
 2016-04-08 09:22:11,2016-04-08 09:22:11: 发送邮件成功，接收人:[Ljavax.mail.internet.InternetAddress;@2efbf446
 2016-04-08 09:22:11,2016-04-08 09:22:11: 发送邮件成功，接收人:null
 2016-04-08 09:25:01,2016-04-08 09:25:01: BusnDataDir 加载数据字典成功
 2016-04-08 11:55:25,[InitServlet:ROOT_PATH]E:\workspace_mars\nStraf_svn\nStraf\
 2016-04-08 11:55:27,[InitServlet]initAppContext OK
 2016-04-08 11:55:29,2016-04-08 11:55:29: BusnDataDir 加载数据字典成功
 2016-04-08 11:55:29,Start TMM Server OK!
 2016-04-08 11:58:48,2016-04-08 11:58:48: User:admin doing login in
 2016-04-08 12:16:05,[InitServlet:ROOT_PATH]E:\workspace_mars\nStraf_svn\nStraf\
 2016-04-08 12:16:08,[InitServlet]initAppContext OK
 2016-04-08 12:16:09,2016-04-08 12:16:09: BusnDataDir 加载数据字典成功
 2016-04-08 12:16:09,Start TMM Server OK!
 2016-04-08 12:16:28,2016-04-08 12:16:28: User:qqhai doing login in
 2016-04-08 12:19:38,[InitServlet:ROOT_PATH]E:\workspace_mars\nStraf_svn\nStraf\
 2016-04-08 12:19:40,[InitServlet]initAppContext OK
 2016-04-08 12:19:41,2016-04-08 12:19:41: BusnDataDir 加载数据字典成功
 2016-04-08 12:19:41,Start TMM Server OK!
 2016-04-08 12:19:47,2016-04-08 12:19:47: User:nullfailed to login in; Error is:
 2016-04-08 12:19:52,2016-04-08 12:19:52: User:qqhai doing login in
 2016-04-08 12:20:00,2016-04-08 12:20:00: BusnDataDir 加载数据字典成功
 2016-04-08 12:22:56,[InitServlet:ROOT_PATH]E:\workspace_mars\nStraf_svn\nStraf\
 2016-04-08 12:22:59,[InitServlet]initAppContext OK
 2016-04-08 12:23:00,2016-04-08 12:23:00: BusnDataDir 加载数据字典成功
 2016-04-08 12:23:00,Start TMM Server OK!
 2016-04-08 12:23:12,2016-04-08 12:23:12: User:qqhai doing login in
 2016-04-08 12:25:00,2016-04-08 12:25:00: BusnDataDir 加载数据字典成功
 2016-04-08 12:26:51,[InitServlet:ROOT_PATH]E:\workspace_mars\nStraf_svn\nStraf\
 2016-04-08 12:26:53,[InitServlet]initAppContext OK
 2016-04-08 13:43:22,[InitServlet:ROOT_PATH]E:\workspace_mars\nStraf_svn\nStraf\
 2016-04-08 13:43:25,[InitServlet]initAppContext OK
 2016-04-08 13:43:27,2016-04-08 13:43:27: BusnDataDir 加载数据字典成功
 2016-04-08 13:43:27,Start TMM Server OK!
 2016-04-08 13:45:01,2016-04-08 13:45:01: BusnDataDir 加载数据字典成功
 2016-04-08 13:45:04,2016-04-08 13:45:04: User:admin doing login in
 2016-04-08 13:50:00,2016-04-08 13:50:00: BusnDataDir 加载数据字典成功
 2016-04-08 13:55:07,BusnDataDir loading DataDir false!
 2016-04-08 14:00:00,2016-04-08 14:00:00: BusnDataDir 加载数据字典成功
 2016-04-08 14:05:00,2016-04-08 14:05:00: BusnDataDir 加载数据字典成功
 2016-04-08 14:10:00,2016-04-08 14:10:00: BusnDataDir 加载数据字典成功
 2016-04-08 14:15:00,2016-04-08 14:15:00: BusnDataDir 加载数据字典成功
 2016-04-08 14:20:00,2016-04-08 14:20:00: BusnDataDir 加载数据字典成功
 2016-04-08 14:25:00,2016-04-08 14:25:00: BusnDataDir 加载数据字典成功
 2016-04-08 15:53:47,[InitServlet:ROOT_PATH]E:\workspace_mars\nStraf_svn\nStraf\
 2016-04-08 15:53:48,[InitServlet]initAppContext OK
 2016-04-08 15:53:50,2016-04-08 15:53:50: BusnDataDir 加载数据字典成功
 2016-04-08 15:53:50,Start TMM Server OK!
 2016-04-08 15:54:06,2016-04-08 15:54:06: User:admin doing login in
 2016-04-08 15:55:00,2016-04-08 15:55:00: BusnDataDir 加载数据字典成功
 2016-04-08 16:00:00,2016-04-08 16:00:00: BusnDataDir 加载数据字典成功
 2016-04-08 16:05:00,2016-04-08 16:05:00: BusnDataDir 加载数据字典成功
 2016-04-08 16:10:00,2016-04-08 16:10:00: BusnDataDir 加载数据字典成功
 2016-04-08 16:15:00,2016-04-08 16:15:00: BusnDataDir 加载数据字典成功
 2016-04-08 16:23:58,[InitServlet:ROOT_PATH]E:\workspace_mars\nStraf_svn\nStraf\
 2016-04-08 16:24:00,[InitServlet]initAppContext OK
 2016-04-08 16:24:01,2016-04-08 16:24:01: BusnDataDir 加载数据字典成功
 2016-04-08 16:24:01,Start TMM Server OK!
 2016-04-08 16:24:12,2016-04-08 16:24:12: User:nullfailed to login in; Error is:
 2016-04-08 16:24:16,2016-04-08 16:24:16: User:admin doing login in
 